2023-11-07T19:57:07.533-07:00  INFO 7592 --- [restartedMain] com.gcu.MilestoneApplication             : Starting MilestoneApplication using Java 17.0.8.1 with PID 7592 (C:\Users\jonna\MyStore\target\classes started by jonna in C:\Users\jonna\MyStore)
2023-11-07T19:57:07.535-07:00 DEBUG 7592 --- [restartedMain] com.gcu.MilestoneApplication             : Running with Spring Boot v3.1.1, Spring v6.0.10
2023-11-07T19:57:07.536-07:00  INFO 7592 --- [restartedMain] com.gcu.MilestoneApplication             : No active profile set, falling back to 1 default profile: "default"
2023-11-07T19:57:08.659-07:00  INFO 7592 --- [restartedMain] com.gcu.ThymeleafConfig                  : Initializing Thymeleaf Template Resolver
2023-11-07T19:57:08.767-07:00 DEBUG 7592 --- [restartedMain] s.w.s.m.m.a.RequestMappingHandlerAdapter : ControllerAdvice beans: 1 @ModelAttribute, 0 @InitBinder, 1 RequestBodyAdvice, 1 ResponseBodyAdvice
2023-11-07T19:57:08.823-07:00 DEBUG 7592 --- [restartedMain] s.w.s.m.m.a.RequestMappingHandlerMapping : 28 mappings in 'requestMappingHandlerMapping'
2023-11-07T19:57:08.835-07:00 DEBUG 7592 --- [restartedMain] o.s.w.s.handler.SimpleUrlHandlerMapping  : Patterns [/webjars/**, /**] in 'resourceHandlerMapping'
2023-11-07T19:57:08.841-07:00 DEBUG 7592 --- [restartedMain] .m.m.a.ExceptionHandlerExceptionResolver : ControllerAdvice beans: 0 @ExceptionHandler, 1 ResponseBodyAdvice
2023-11-07T19:57:10.061-07:00  INFO 7592 --- [restartedMain] com.gcu.MilestoneApplication             : Started MilestoneApplication in 2.793 seconds (process running for 3.257)
2023-11-07T19:57:19.258-07:00  INFO 7592 --- [http-nio-8080-exec-1] o.s.web.servlet.DispatcherServlet        : Initializing Servlet 'dispatcherServlet'
2023-11-07T19:57:19.258-07:00 DEBUG 7592 --- [http-nio-8080-exec-1] o.s.web.servlet.DispatcherServlet        : Detected StandardServletMultipartResolver
2023-11-07T19:57:19.258-07:00 DEBUG 7592 --- [http-nio-8080-exec-1] o.s.web.servlet.DispatcherServlet        : Detected AcceptHeaderLocaleResolver
2023-11-07T19:57:19.259-07:00 DEBUG 7592 --- [http-nio-8080-exec-1] o.s.web.servlet.DispatcherServlet        : Detected FixedThemeResolver
2023-11-07T19:57:19.259-07:00 DEBUG 7592 --- [http-nio-8080-exec-1] o.s.web.servlet.DispatcherServlet        : Detected org.springframework.web.servlet.view.DefaultRequestToViewNameTranslator@33416abb
2023-11-07T19:57:19.259-07:00 DEBUG 7592 --- [http-nio-8080-exec-1] o.s.web.servlet.DispatcherServlet        : Detected org.springframework.web.servlet.support.SessionFlashMapManager@19ac89f8
2023-11-07T19:57:19.260-07:00 DEBUG 7592 --- [http-nio-8080-exec-1] o.s.web.servlet.DispatcherServlet        : enableLoggingRequestDetails='false': request parameters and headers will be masked to prevent unsafe logging of potentially sensitive data
2023-11-07T19:57:19.260-07:00  INFO 7592 --- [http-nio-8080-exec-1] o.s.web.servlet.DispatcherServlet        : Completed initialization in 2 ms
2023-11-07T19:57:19.266-07:00 DEBUG 7592 --- [http-nio-8080-exec-1] o.s.web.servlet.DispatcherServlet        : GET "/", parameters={}
2023-11-07T19:57:19.272-07:00 DEBUG 7592 --- [http-nio-8080-exec-1] s.w.s.m.m.a.RequestMappingHandlerMapping : Mapped to com.gcu.Controllers.DefaultController#redirectToLogin()
2023-11-07T19:57:19.303-07:00 DEBUG 7592 --- [http-nio-8080-exec-1] o.s.web.servlet.view.RedirectView        : View [RedirectView], model {}
2023-11-07T19:57:19.304-07:00 DEBUG 7592 --- [http-nio-8080-exec-1] o.s.web.servlet.DispatcherServlet        : Completed 302 FOUND
2023-11-07T19:57:19.308-07:00 DEBUG 7592 --- [http-nio-8080-exec-2] o.s.web.servlet.DispatcherServlet        : GET "/login", parameters={}
2023-11-07T19:57:19.308-07:00 DEBUG 7592 --- [http-nio-8080-exec-2] s.w.s.m.m.a.RequestMappingHandlerMapping : Mapped to com.gcu.Controllers.LoginController#display(Model)
2023-11-07T19:57:19.316-07:00 DEBUG 7592 --- [http-nio-8080-exec-2] o.s.w.s.v.ContentNegotiatingViewResolver : Selected 'text/html' given [text/html, application/xhtml+xml, image/avif, image/webp, image/apng, application/xml;q=0.9, */*;q=0.8, application/signed-exchange;v=b3;q=0.7]
2023-11-07T19:57:19.509-07:00 DEBUG 7592 --- [http-nio-8080-exec-2] o.s.web.servlet.DispatcherServlet        : Completed 200 OK
2023-11-07T19:57:19.525-07:00 DEBUG 7592 --- [http-nio-8080-exec-3] o.s.web.servlet.DispatcherServlet        : GET "/images/Tech.png", parameters={}
2023-11-07T19:57:19.528-07:00 DEBUG 7592 --- [http-nio-8080-exec-3] o.s.w.s.handler.SimpleUrlHandlerMapping  : Mapped to ResourceHttpRequestHandler [classpath [META-INF/resources/], classpath [resources/], classpath [static/], classpath [public/], ServletContext [/]]
2023-11-07T19:57:19.538-07:00 DEBUG 7592 --- [http-nio-8080-exec-3] o.s.web.servlet.DispatcherServlet        : Completed 200 OK
